<?xml version="1.0" encoding="UTF-8"?>
<!-- Generated by org.testng.reporters.JUnitReportReporter -->
<testsuite hostname="DESKTOP-KHBRDTD" name="tests.menu" tests="1" failures="0" timestamp="25 Oct 2018 21:36:43 GMT" time="54.954" errors="0">
  <testcase name="logincheck" time="54.954" classname="tests.menu"/>
</testsuite> <!-- tests.menu -->
