<?xml version="1.0" encoding="UTF-8"?>
<!-- Generated by org.testng.reporters.JUnitReportReporter -->
<testsuite hostname="DESKTOP-KHBRDTD" name="tests.loginwithfacebook" tests="1" failures="0" timestamp="21 Oct 2018 21:36:36 GMT" time="41.147" errors="0">
  <testcase name="checkfacebookfrinds" time="41.147" classname="tests.loginwithfacebook"/>
</testsuite> <!-- tests.loginwithfacebook -->
